***  Installation Started 04/06/2012 23:51  ***
Title: Half-Life Dedicated Server Update Tool
Source: D:\IDM\hldsupdatetool.exe | 04-06-2012 | 23:51:14 | 703533
Installation Aborted!
***  Installation Started 04/06/2012 23:56  ***
Title: Half-Life Dedicated Server Update Tool
Source: D:\IDM\hldsupdatetool.exe | 04-06-2012 | 23:51:14 | 703533
File Copy: C:\Program Files\Valve\HLServer\UNWISE.EXE | 07-26-2002 | 17:02:06 | | 153088 | 5be5019b
RegDB Key: Software\Microsoft\Windows\CurrentVersion\Uninstall\Half-Life Dedicated Server Update Tool
RegDB Val: Half-Life Dedicated Server Update Tool
RegDB Name: DisplayName
RegDB Root: 2
RegDB Key: Software\Microsoft\Windows\CurrentVersion\Uninstall\Half-Life Dedicated Server Update Tool
RegDB Val: C:\PROGRA~1\Valve\HLServer\UNWISE.EXE C:\PROGRA~1\Valve\HLServer\INSTALL.LOG
RegDB Name: UninstallString
RegDB Root: 2
File Copy: C:\Program Files\Valve\HLServer\HldsUpdateTool.exe | 05-09-2005 | 11:03:44 | 1.0.0.0 | 1155072 | 92110049
File Copy: C:\Program Files\Valve\HLServer\hldsupdatetool_readme.txt | 04-07-2005 | 13:27:50 | | 3429 | ef5db860
File Tree: C:\Program Files\Valve\HLServer\*.*
RegDB Key: Software
RegDB Val: 
RegDB Root: 1
RegDB Key: Software\Valve\HLServer
RegDB Val: C:\Program Files\Valve\HLServer
RegDB Name: InstallPath
RegDB Root: 1
RegDB Key: Software\Valve\HLServer
RegDB Val: Half-Life Dedicated Server
RegDB Name: Full Name
RegDB Root: 1
RegDB Key: Software\Valve\HLServer
RegDB Val: 4
RegDB Name: Region
RegDB Root: 1
***  Installation Started 04/07/2012 0:13  ***
Title: Half-Life Dedicated Server Update Tool
Source: D:\IDM\hldsupdatetool.exe | 04-06-2012 | 23:51:14 | 703533
File Overwrite: C:\Program Files\Valve\HLServer\UNWISE.EXE | 07-26-2002 | 17:02:06 | | 153088 | 5be5019b
RegDB Key: Software\Microsoft\Windows\CurrentVersion\Uninstall\Half-Life Dedicated Server Update Tool
RegDB Val: Half-Life Dedicated Server Update Tool
RegDB Name: DisplayName
RegDB Root: 2
RegDB Old: Half-Life Dedicated Server Update Tool
RegDB Key: Software\Microsoft\Windows\CurrentVersion\Uninstall\Half-Life Dedicated Server Update Tool
RegDB Val: C:\PROGRA~1\Valve\HLServer\UNWISE.EXE C:\PROGRA~1\Valve\HLServer\INSTALL.LOG
RegDB Name: UninstallString
RegDB Root: 2
RegDB Old: C:\PROGRA~1\Valve\HLServer\UNWISE.EXE C:\PROGRA~1\Valve\HLServer\INSTALL.LOG
File Overwrite: C:\Program Files\Valve\HLServer\HldsUpdateTool.exe | 05-09-2005 | 11:03:44 | 1.0.0.0 | 1155072 | 92110049
File Overwrite: C:\Program Files\Valve\HLServer\hldsupdatetool_readme.txt | 04-07-2005 | 13:27:50 | | 3429 | ef5db860
File Tree: C:\Program Files\Valve\HLServer\*.*
RegDB Key: Software
RegDB Val: 
RegDB Root: 1
RegDB Key: Software\Valve\HLServer
RegDB Val: C:\Program Files\Valve\HLServer
RegDB Name: InstallPath
RegDB Root: 1
RegDB Old: C:\Program Files\Valve\HLServer
RegDB Key: Software\Valve\HLServer
RegDB Val: Half-Life Dedicated Server
RegDB Name: Full Name
RegDB Root: 1
RegDB Old: Half-Life Dedicated Server
RegDB Key: Software\Valve\HLServer
RegDB Val: 4
RegDB Name: Region
RegDB Root: 1
RegDB Old: 4
