L 10/23/2015 - 00:23:30: Start of error session.
L 10/23/2015 - 00:23:30: Info (map "de_nuke") (file "addons/amxmodx/logs/error_20151023.log")
L 10/23/2015 - 00:23:30: [AMXX] Plugin file open error (plugin "zl_clustergrenade.amxx")
L 10/23/2015 - 00:48:05: Start of error session.
L 10/23/2015 - 00:48:05: Info (map "de_dust2") (file "addons/amxmodx/logs/error_20151023.log")
L 10/23/2015 - 00:48:05: [AMXX] Plugin file open error (plugin "zl_clustergrenade.amxx")
L 10/23/2015 - 01:26:46: Start of error session.
L 10/23/2015 - 01:26:46: Info (map "de_nuke") (file "addons/amxmodx/logs/error_20151023.log")
L 10/23/2015 - 01:26:46: [AMXX] Plugin file open error (plugin "zl_clustergrenade.amxx")
L 10/23/2015 - 02:02:02: Start of error session.
L 10/23/2015 - 02:02:02: Info (map "de_inferno") (file "addons/amxmodx/logs/error_20151023.log")
L 10/23/2015 - 02:02:02: [AMXX] Plugin file open error (plugin "zl_clustergrenade.amxx")
L 10/23/2015 - 02:26:55: Start of error session.
L 10/23/2015 - 02:26:55: Info (map "de_tuscan") (file "addons/amxmodx/logs/error_20151023.log")
L 10/23/2015 - 02:26:55: [AMXX] Plugin file open error (plugin "zl_clustergrenade.amxx")
L 10/23/2015 - 02:41:14: Start of error session.
L 10/23/2015 - 02:41:14: Info (map "de_dust2_long_short") (file "addons/amxmodx/logs/error_20151023.log")
L 10/23/2015 - 02:41:14: [AMXX] Plugin file open error (plugin "zl_clustergrenade.amxx")
L 10/23/2015 - 04:10:25: Start of error session.
L 10/23/2015 - 04:10:25: Info (map "awp_india") (file "addons/amxmodx/logs/error_20151023.log")
L 10/23/2015 - 04:10:25: [AMXX] Plugin file open error (plugin "zl_clustergrenade.amxx")
L 10/23/2015 - 04:14:59: Start of error session.
L 10/23/2015 - 04:14:59: Info (map "de_dust2") (file "addons/amxmodx/logs/error_20151023.log")
L 10/23/2015 - 04:14:59: [AMXX] Plugin file open error (plugin "zl_clustergrenade.amxx")
L 10/23/2015 - 04:16:28: Start of error session.
L 10/23/2015 - 04:16:28: Info (map "de_dust2") (file "addons/amxmodx/logs/error_20151023.log")
L 10/23/2015 - 04:16:28: [AMXX] Plugin file open error (plugin "zl_clustergrenade.amxx")
L 10/23/2015 - 04:18:44: Start of error session.
L 10/23/2015 - 04:18:44: Info (map "de_dust2") (file "addons/amxmodx/logs/error_20151023.log")
L 10/23/2015 - 04:18:44: [AMXX] Plugin file open error (plugin "zl_clustergrenade.amxx")
L 10/23/2015 - 04:23:00: Start of error session.
L 10/23/2015 - 04:23:00: Info (map "awp_india") (file "addons/amxmodx/logs/error_20151023.log")
L 10/23/2015 - 04:23:00: [AMXX] Plugin file open error (plugin "zl_clustergrenade.amxx")
L 10/23/2015 - 04:25:10: Start of error session.
L 10/23/2015 - 04:25:10: Info (map "awp_india") (file "addons/amxmodx/logs/error_20151023.log")
L 10/23/2015 - 04:25:10: [AMXX] Plugin file open error (plugin "zl_clustergrenade.amxx")
L 10/23/2015 - 04:28:38: Start of error session.
L 10/23/2015 - 04:28:38: Info (map "afk_6killer") (file "addons/amxmodx/logs/error_20151023.log")
L 10/23/2015 - 04:28:38: [AMXX] Plugin file open error (plugin "zl_clustergrenade.amxx")
L 10/23/2015 - 04:43:14: Start of error session.
L 10/23/2015 - 04:43:14: Info (map "fy_snow") (file "addons/amxmodx/logs/error_20151023.log")
L 10/23/2015 - 04:43:14: [AMXX] Plugin file open error (plugin "zl_clustergrenade.amxx")
L 10/23/2015 - 20:43:54: Start of error session.
L 10/23/2015 - 20:43:54: Info (map "de_dust2_long_short") (file "addons/amxmodx/logs/error_20151023.log")
L 10/23/2015 - 20:43:54: [AMXX] Plugin file open error (plugin "zl_clustergrenade.amxx")
L 10/23/2015 - 21:22:03: Start of error session.
L 10/23/2015 - 21:22:03: Info (map "de_dust2_long") (file "addons/amxmodx/logs/error_20151023.log")
L 10/23/2015 - 21:22:03: [AMXX] Plugin file open error (plugin "zl_clustergrenade.amxx")
L 10/23/2015 - 21:29:07: Start of error session.
L 10/23/2015 - 21:29:07: Info (map "de_dust2") (file "addons/amxmodx/logs/error_20151023.log")
L 10/23/2015 - 21:29:07: [AMXX] Plugin file open error (plugin "zl_clustergrenade.amxx")
L 10/23/2015 - 21:32:48: Start of error session.
L 10/23/2015 - 21:32:48: Info (map "de_dust2") (file "addons/amxmodx/logs/error_20151023.log")
L 10/23/2015 - 21:32:48: [AMXX] Plugin file open error (plugin "zl_clustergrenade.amxx")
L 10/23/2015 - 22:01:21: Start of error session.
L 10/23/2015 - 22:01:21: Info (map "aim_map") (file "addons/amxmodx/logs/error_20151023.log")
L 10/23/2015 - 22:01:21: [AMXX] Plugin file open error (plugin "zl_clustergrenade.amxx")
L 10/23/2015 - 22:54:18: Start of error session.
L 10/23/2015 - 22:54:18: Info (map "de_nuke") (file "addons/amxmodx/logs/error_20151023.log")
L 10/23/2015 - 22:54:18: [AMXX] Plugin file open error (plugin "zl_clustergrenade.amxx")
