L 10/19/2015 - 00:04:47: Start of error session.
L 10/19/2015 - 00:04:47: Info (map "de_nuke") (file "addons/amxmodx/logs/error_20151019.log")
L 10/19/2015 - 00:04:47: [AMXX] Plugin file open error (plugin "zl_clustergrenade.amxx")
L 10/19/2015 - 00:09:42: Start of error session.
L 10/19/2015 - 00:09:42: Info (map "de_nuke") (file "addons/amxmodx/logs/error_20151019.log")
L 10/19/2015 - 00:09:42: [AMXX] Plugin file open error (plugin "zl_clustergrenade.amxx")
L 10/19/2015 - 00:32:45: Start of error session.
L 10/19/2015 - 00:32:45: Info (map "aim_headshot") (file "addons/amxmodx/logs/error_20151019.log")
L 10/19/2015 - 00:32:45: [AMXX] Plugin file open error (plugin "zl_clustergrenade.amxx")
L 10/19/2015 - 01:24:58: Start of error session.
L 10/19/2015 - 01:24:58: Info (map "de_tuscan") (file "addons/amxmodx/logs/error_20151019.log")
L 10/19/2015 - 01:24:58: [AMXX] Plugin file open error (plugin "zl_clustergrenade.amxx")
L 10/19/2015 - 01:25:34: Start of error session.
L 10/19/2015 - 01:25:34: Info (map "de_nuke") (file "addons/amxmodx/logs/error_20151019.log")
L 10/19/2015 - 01:25:34: [AMXX] Plugin file open error (plugin "zl_clustergrenade.amxx")
L 10/19/2015 - 02:07:42: Start of error session.
L 10/19/2015 - 02:07:42: Info (map "de_dust2") (file "addons/amxmodx/logs/error_20151019.log")
L 10/19/2015 - 02:07:42: [AMXX] Plugin file open error (plugin "zl_clustergrenade.amxx")
L 10/19/2015 - 02:09:28: Start of error session.
L 10/19/2015 - 02:09:28: Info (map "aim_headshot") (file "addons/amxmodx/logs/error_20151019.log")
L 10/19/2015 - 02:09:28: [AMXX] Plugin file open error (plugin "zl_clustergrenade.amxx")
L 10/19/2015 - 02:09:47: Start of error session.
L 10/19/2015 - 02:09:47: Info (map "de_dust2_long_short") (file "addons/amxmodx/logs/error_20151019.log")
L 10/19/2015 - 02:09:47: [AMXX] Plugin file open error (plugin "zl_clustergrenade.amxx")
L 10/19/2015 - 16:50:46: Start of error session.
L 10/19/2015 - 16:50:46: Info (map "de_tuscan") (file "addons/amxmodx/logs/error_20151019.log")
L 10/19/2015 - 16:50:46: [AMXX] Plugin file open error (plugin "zl_clustergrenade.amxx")
L 10/19/2015 - 17:06:33: Start of error session.
L 10/19/2015 - 17:06:33: Info (map "de_dust2_long_short") (file "addons/amxmodx/logs/error_20151019.log")
L 10/19/2015 - 17:06:33: [AMXX] Plugin file open error (plugin "zl_clustergrenade.amxx")
L 10/19/2015 - 18:44:43: Start of error session.
L 10/19/2015 - 18:44:43: Info (map "de_dust2") (file "addons/amxmodx/logs/error_20151019.log")
L 10/19/2015 - 18:44:43: [AMXX] Plugin file open error (plugin "zl_clustergrenade.amxx")
L 10/19/2015 - 19:14:36: Start of error session.
L 10/19/2015 - 19:14:36: Info (map "de_inferno") (file "addons/amxmodx/logs/error_20151019.log")
L 10/19/2015 - 19:14:36: [AMXX] Plugin file open error (plugin "zl_clustergrenade.amxx")
L 10/19/2015 - 19:53:12: Start of error session.
L 10/19/2015 - 19:53:12: Info (map "de_nuke") (file "addons/amxmodx/logs/error_20151019.log")
L 10/19/2015 - 19:53:12: [AMXX] Plugin file open error (plugin "zl_clustergrenade.amxx")
L 10/19/2015 - 19:59:38: Start of error session.
L 10/19/2015 - 19:59:38: Info (map "de_dust2_long_short") (file "addons/amxmodx/logs/error_20151019.log")
L 10/19/2015 - 19:59:38: [AMXX] Plugin file open error (plugin "zl_clustergrenade.amxx")
L 10/19/2015 - 23:36:30: Start of error session.
L 10/19/2015 - 23:36:30: Info (map "de_dust2") (file "addons/amxmodx/logs/error_20151019.log")
L 10/19/2015 - 23:36:30: [AMXX] Plugin file open error (plugin "zl_clustergrenade.amxx")
L 10/19/2015 - 23:36:51: Start of error session.
L 10/19/2015 - 23:36:51: Info (map "de_nuke") (file "addons/amxmodx/logs/error_20151019.log")
L 10/19/2015 - 23:36:51: [AMXX] Plugin file open error (plugin "zl_clustergrenade.amxx")
