L 10/21/2015 - 00:39:47: Start of error session.
L 10/21/2015 - 00:39:47: Info (map "de_nuke") (file "addons/amxmodx/logs/error_20151021.log")
L 10/21/2015 - 00:39:47: [AMXX] Plugin file open error (plugin "zl_clustergrenade.amxx")
L 10/21/2015 - 01:25:24: Start of error session.
L 10/21/2015 - 01:25:24: Info (map "de_dust2") (file "addons/amxmodx/logs/error_20151021.log")
L 10/21/2015 - 01:25:24: [AMXX] Plugin file open error (plugin "zl_clustergrenade.amxx")
L 10/21/2015 - 02:02:48: Start of error session.
L 10/21/2015 - 02:02:48: Info (map "de_dust2_long") (file "addons/amxmodx/logs/error_20151021.log")
L 10/21/2015 - 02:02:48: [AMXX] Plugin file open error (plugin "zl_clustergrenade.amxx")
L 10/21/2015 - 16:55:21: Start of error session.
L 10/21/2015 - 16:55:21: Info (map "aim_map") (file "addons/amxmodx/logs/error_20151021.log")
L 10/21/2015 - 16:55:21: [AMXX] Plugin file open error (plugin "zl_clustergrenade.amxx")
L 10/21/2015 - 18:46:51: Start of error session.
L 10/21/2015 - 18:46:51: Info (map "de_dust2_long_short") (file "addons/amxmodx/logs/error_20151021.log")
L 10/21/2015 - 18:46:51: [AMXX] Plugin file open error (plugin "zl_clustergrenade.amxx")
L 10/21/2015 - 22:04:13: Start of error session.
L 10/21/2015 - 22:04:13: Info (map "aim_map") (file "addons/amxmodx/logs/error_20151021.log")
L 10/21/2015 - 22:04:13: [AMXX] Plugin file open error (plugin "zl_clustergrenade.amxx")
L 10/21/2015 - 23:22:39: Start of error session.
L 10/21/2015 - 23:22:39: Info (map "de_dust2_long_short") (file "addons/amxmodx/logs/error_20151021.log")
L 10/21/2015 - 23:22:39: [AMXX] Plugin file open error (plugin "zl_clustergrenade.amxx")
L 10/21/2015 - 23:55:43: Start of error session.
L 10/21/2015 - 23:55:43: Info (map "de_inferno") (file "addons/amxmodx/logs/error_20151021.log")
L 10/21/2015 - 23:55:43: [AMXX] Plugin file open error (plugin "zl_clustergrenade.amxx")
L 10/21/2015 - 23:57:44: Start of error session.
L 10/21/2015 - 23:57:44: Info (map "de_tuscan") (file "addons/amxmodx/logs/error_20151021.log")
L 10/21/2015 - 23:57:44: [AMXX] Plugin file open error (plugin "zl_clustergrenade.amxx")
