L 10/18/2015 - 00:05:28: Start of error session.
L 10/18/2015 - 00:05:28: Info (map "aim_map_usp") (file "addons/amxmodx/logs/error_20151018.log")
L 10/18/2015 - 00:05:28: [AMXX] Plugin file open error (plugin "zl_clustergrenade.amxx")
L 10/18/2015 - 00:11:45: Start of error session.
L 10/18/2015 - 00:11:45: Info (map "aim_map_usp") (file "addons/amxmodx/logs/error_20151018.log")
L 10/18/2015 - 00:11:45: [AMXX] Plugin file open error (plugin "zl_clustergrenade.amxx")
L 10/18/2015 - 01:48:36: Start of error session.
L 10/18/2015 - 01:48:36: Info (map "de_inferno") (file "addons/amxmodx/logs/error_20151018.log")
L 10/18/2015 - 01:48:36: [AMXX] Plugin file open error (plugin "zl_clustergrenade.amxx")
L 10/18/2015 - 03:31:25: Start of error session.
L 10/18/2015 - 03:31:25: Info (map "Afk_6KilleR") (file "addons/amxmodx/logs/error_20151018.log")
L 10/18/2015 - 03:31:25: [AMXX] Plugin file open error (plugin "zl_clustergrenade.amxx")
L 10/18/2015 - 19:08:57: Start of error session.
L 10/18/2015 - 19:08:57: Info (map "Afk_6KilleR") (file "addons/amxmodx/logs/error_20151018.log")
L 10/18/2015 - 19:08:57: [AMXX] Plugin file open error (plugin "zl_clustergrenade.amxx")
L 10/18/2015 - 21:46:28: Start of error session.
L 10/18/2015 - 21:46:28: Info (map "de_dust2") (file "addons/amxmodx/logs/error_20151018.log")
L 10/18/2015 - 21:46:28: [AMXX] Plugin file open error (plugin "zl_clustergrenade.amxx")
L 10/18/2015 - 22:14:30: Start of error session.
L 10/18/2015 - 22:14:30: Info (map "aim_headshot") (file "addons/amxmodx/logs/error_20151018.log")
L 10/18/2015 - 22:14:30: [AMXX] Plugin file open error (plugin "zl_clustergrenade.amxx")
L 10/18/2015 - 23:18:40: Start of error session.
L 10/18/2015 - 23:18:40: Info (map "de_nuke") (file "addons/amxmodx/logs/error_20151018.log")
L 10/18/2015 - 23:18:40: [AMXX] Plugin file open error (plugin "zl_clustergrenade.amxx")
L 10/18/2015 - 23:20:30: Start of error session.
L 10/18/2015 - 23:20:30: Info (map "de_inferno") (file "addons/amxmodx/logs/error_20151018.log")
L 10/18/2015 - 23:20:30: [AMXX] Plugin file open error (plugin "zl_clustergrenade.amxx")
