L 10/24/2015 - 00:26:37: Start of error session.
L 10/24/2015 - 00:26:37: Info (map "de_tuscan") (file "addons/amxmodx/logs/error_20151024.log")
L 10/24/2015 - 00:26:37: [AMXX] Plugin file open error (plugin "zl_clustergrenade.amxx")
L 10/24/2015 - 03:00:49: Start of error session.
L 10/24/2015 - 03:00:49: Info (map "awp_india") (file "addons/amxmodx/logs/error_20151024.log")
L 10/24/2015 - 03:00:49: [AMXX] Plugin file open error (plugin "zl_clustergrenade.amxx")
L 10/24/2015 - 03:08:53: Start of error session.
L 10/24/2015 - 03:08:53: Info (map "awp_india") (file "addons/amxmodx/logs/error_20151024.log")
L 10/24/2015 - 03:08:53: [AMXX] Plugin file open error (plugin "zl_clustergrenade.amxx")
L 10/24/2015 - 03:18:28: Start of error session.
L 10/24/2015 - 03:18:28: Info (map "de_dust2_long_short") (file "addons/amxmodx/logs/error_20151024.log")
L 10/24/2015 - 03:18:28: [AMXX] Plugin file open error (plugin "zl_clustergrenade.amxx")
L 10/24/2015 - 19:55:13: Start of error session.
L 10/24/2015 - 19:55:13: Info (map "de_dust2") (file "addons/amxmodx/logs/error_20151024.log")
L 10/24/2015 - 19:55:13: [AMXX] Plugin file open error (plugin "zl_clustergrenade.amxx")
L 10/24/2015 - 20:24:30: Start of error session.
L 10/24/2015 - 20:24:30: Info (map "de_inferno") (file "addons/amxmodx/logs/error_20151024.log")
L 10/24/2015 - 20:24:30: [AMXX] Plugin file open error (plugin "zl_clustergrenade.amxx")
L 10/24/2015 - 21:01:48: Start of error session.
L 10/24/2015 - 21:01:48: Info (map "de_NUKE") (file "addons/amxmodx/logs/error_20151024.log")
L 10/24/2015 - 21:01:48: [AMXX] Plugin file open error (plugin "zl_clustergrenade.amxx")
L 10/24/2015 - 21:37:07: Start of error session.
L 10/24/2015 - 21:37:07: Info (map "awp_india") (file "addons/amxmodx/logs/error_20151024.log")
L 10/24/2015 - 21:37:07: [AMXX] Plugin file open error (plugin "zl_clustergrenade.amxx")
L 10/24/2015 - 23:40:55: Start of error session.
L 10/24/2015 - 23:40:55: Info (map "de_nuke") (file "addons/amxmodx/logs/error_20151024.log")
L 10/24/2015 - 23:40:55: [AMXX] Plugin file open error (plugin "zl_clustergrenade.amxx")
