L 10/25/2015 - 00:48:53: Start of error session.
L 10/25/2015 - 00:48:53: Info (map "de_dust2") (file "addons/amxmodx/logs/error_20151025.log")
L 10/25/2015 - 00:48:53: [AMXX] Plugin file open error (plugin "zl_clustergrenade.amxx")
L 10/25/2015 - 01:02:25: Start of error session.
L 10/25/2015 - 01:02:25: Info (map "aim_headshot") (file "addons/amxmodx/logs/error_20151025.log")
L 10/25/2015 - 01:02:25: [AMXX] Plugin file open error (plugin "zl_clustergrenade.amxx")
L 10/25/2015 - 01:05:21: Start of error session.
L 10/25/2015 - 01:05:21: Info (map "de_dust2") (file "addons/amxmodx/logs/error_20151025.log")
L 10/25/2015 - 01:05:21: [AMXX] Plugin file open error (plugin "zl_clustergrenade.amxx")
L 10/25/2015 - 01:19:15: Start of error session.
L 10/25/2015 - 01:19:15: Info (map "aim_headshot") (file "addons/amxmodx/logs/error_20151025.log")
L 10/25/2015 - 01:19:15: [AMXX] Plugin file open error (plugin "zl_clustergrenade.amxx")
L 10/25/2015 - 01:24:40: Start of error session.
L 10/25/2015 - 01:24:40: Info (map "de_inferno") (file "addons/amxmodx/logs/error_20151025.log")
L 10/25/2015 - 01:24:40: [AMXX] Plugin file open error (plugin "zl_clustergrenade.amxx")
L 10/25/2015 - 02:10:57: Start of error session.
L 10/25/2015 - 02:10:57: Info (map "awp_india") (file "addons/amxmodx/logs/error_20151025.log")
L 10/25/2015 - 02:10:57: [AMXX] Plugin file open error (plugin "zl_clustergrenade.amxx")
L 10/25/2015 - 02:26:11: Start of error session.
L 10/25/2015 - 02:26:11: Info (map "de_train") (file "addons/amxmodx/logs/error_20151025.log")
L 10/25/2015 - 02:26:11: [AMXX] Plugin file open error (plugin "zl_clustergrenade.amxx")
L 10/25/2015 - 02:30:52: Start of error session.
L 10/25/2015 - 02:30:52: Info (map "de_nuke") (file "addons/amxmodx/logs/error_20151025.log")
L 10/25/2015 - 02:30:52: [AMXX] Plugin file open error (plugin "zl_clustergrenade.amxx")
L 10/25/2015 - 02:58:07: Start of error session.
L 10/25/2015 - 02:58:07: Info (map "de_dust2_long_short") (file "addons/amxmodx/logs/error_20151025.log")
L 10/25/2015 - 02:58:07: [AMXX] Plugin file open error (plugin "zl_clustergrenade.amxx")
