L 10/22/2015 - 00:40:53: Start of error session.
L 10/22/2015 - 00:40:53: Info (map "de_inferno") (file "addons/amxmodx/logs/error_20151022.log")
L 10/22/2015 - 00:40:53: [AMXX] Plugin file open error (plugin "zl_clustergrenade.amxx")
L 10/22/2015 - 01:17:25: Start of error session.
L 10/22/2015 - 01:17:25: Info (map "de_dust2") (file "addons/amxmodx/logs/error_20151022.log")
L 10/22/2015 - 01:17:25: [AMXX] Plugin file open error (plugin "zl_clustergrenade.amxx")
L 10/22/2015 - 01:49:39: Start of error session.
L 10/22/2015 - 01:49:39: Info (map "aim_headshot") (file "addons/amxmodx/logs/error_20151022.log")
L 10/22/2015 - 01:49:39: [AMXX] Plugin file open error (plugin "zl_clustergrenade.amxx")
L 10/22/2015 - 17:12:11: Start of error session.
L 10/22/2015 - 17:12:11: Info (map "de_dust2_long_short") (file "addons/amxmodx/logs/error_20151022.log")
L 10/22/2015 - 17:12:11: [AMXX] Plugin file open error (plugin "zl_clustergrenade.amxx")
L 10/22/2015 - 18:23:07: Start of error session.
L 10/22/2015 - 18:23:07: Info (map "de_dust2") (file "addons/amxmodx/logs/error_20151022.log")
L 10/22/2015 - 18:23:07: [AMXX] Plugin file open error (plugin "zl_clustergrenade.amxx")
L 10/22/2015 - 19:05:39: Start of error session.
L 10/22/2015 - 19:05:39: Info (map "de_nuke") (file "addons/amxmodx/logs/error_20151022.log")
L 10/22/2015 - 19:05:39: [AMXX] Plugin file open error (plugin "zl_clustergrenade.amxx")
L 10/22/2015 - 19:31:53: Start of error session.
L 10/22/2015 - 19:31:53: Info (map "de_inferno") (file "addons/amxmodx/logs/error_20151022.log")
L 10/22/2015 - 19:31:53: [AMXX] Plugin file open error (plugin "zl_clustergrenade.amxx")
L 10/22/2015 - 21:34:44: Start of error session.
L 10/22/2015 - 21:34:44: Info (map "de_dust2_long_short") (file "addons/amxmodx/logs/error_20151022.log")
L 10/22/2015 - 21:34:44: [AMXX] Plugin file open error (plugin "zl_clustergrenade.amxx")
L 10/22/2015 - 22:00:37: Start of error session.
L 10/22/2015 - 22:00:37: Info (map "de_dust") (file "addons/amxmodx/logs/error_20151022.log")
L 10/22/2015 - 22:00:37: [AMXX] Plugin file open error (plugin "zl_clustergrenade.amxx")
L 10/22/2015 - 22:01:01: Start of error session.
L 10/22/2015 - 22:01:01: Info (map "de_dust2") (file "addons/amxmodx/logs/error_20151022.log")
L 10/22/2015 - 22:01:01: [AMXX] Plugin file open error (plugin "zl_clustergrenade.amxx")
L 10/22/2015 - 22:30:02: Start of error session.
L 10/22/2015 - 22:30:02: Info (map "de_dust2_long_short") (file "addons/amxmodx/logs/error_20151022.log")
L 10/22/2015 - 22:30:02: [AMXX] Plugin file open error (plugin "zl_clustergrenade.amxx")
