L 10/20/2015 - 00:12:40: Start of error session.
L 10/20/2015 - 00:12:40: Info (map "de_Tuscan") (file "addons/amxmodx/logs/error_20151020.log")
L 10/20/2015 - 00:12:40: [AMXX] Plugin file open error (plugin "zl_clustergrenade.amxx")
L 10/20/2015 - 00:14:17: Start of error session.
L 10/20/2015 - 00:14:17: Info (map "de_Train") (file "addons/amxmodx/logs/error_20151020.log")
L 10/20/2015 - 00:14:17: [AMXX] Plugin file open error (plugin "zl_clustergrenade.amxx")
L 10/20/2015 - 01:01:48: Start of error session.
L 10/20/2015 - 01:01:48: Info (map "de_inferno") (file "addons/amxmodx/logs/error_20151020.log")
L 10/20/2015 - 01:01:48: [AMXX] Plugin file open error (plugin "zl_clustergrenade.amxx")
L 10/20/2015 - 01:19:20: Start of error session.
L 10/20/2015 - 01:19:20: Info (map "aim_headshot") (file "addons/amxmodx/logs/error_20151020.log")
L 10/20/2015 - 01:19:20: [AMXX] Plugin file open error (plugin "zl_clustergrenade.amxx")
L 10/20/2015 - 01:35:10: Start of error session.
L 10/20/2015 - 01:35:10: Info (map "de_dust2") (file "addons/amxmodx/logs/error_20151020.log")
L 10/20/2015 - 01:35:10: [AMXX] Plugin file open error (plugin "zl_clustergrenade.amxx")
L 10/20/2015 - 02:06:33: Start of error session.
L 10/20/2015 - 02:06:33: Info (map "de_inferno") (file "addons/amxmodx/logs/error_20151020.log")
L 10/20/2015 - 02:06:33: [AMXX] Plugin file open error (plugin "zl_clustergrenade.amxx")
L 10/20/2015 - 17:22:21: Start of error session.
L 10/20/2015 - 17:22:21: Info (map "de_dust2_long_short") (file "addons/amxmodx/logs/error_20151020.log")
L 10/20/2015 - 17:22:21: [AMXX] Plugin file open error (plugin "zl_clustergrenade.amxx")
L 10/20/2015 - 19:01:00: Start of error session.
L 10/20/2015 - 19:01:00: Info (map "de_dust2_long_short") (file "addons/amxmodx/logs/error_20151020.log")
L 10/20/2015 - 19:01:00: [AMXX] Plugin file open error (plugin "zl_clustergrenade.amxx")
L 10/20/2015 - 19:09:35: Start of error session.
L 10/20/2015 - 19:09:35: Info (map "de_dust2_long_short") (file "addons/amxmodx/logs/error_20151020.log")
L 10/20/2015 - 19:09:35: [AMXX] Plugin file open error (plugin "zl_clustergrenade.amxx")
L 10/20/2015 - 19:15:23: Start of error session.
L 10/20/2015 - 19:15:23: Info (map "de_dust2_long_short") (file "addons/amxmodx/logs/error_20151020.log")
L 10/20/2015 - 19:15:23: [AMXX] Plugin file open error (plugin "zl_clustergrenade.amxx")
L 10/20/2015 - 23:03:35: Start of error session.
L 10/20/2015 - 23:03:35: Info (map "de_dust2") (file "addons/amxmodx/logs/error_20151020.log")
L 10/20/2015 - 23:03:35: [AMXX] Plugin file open error (plugin "zl_clustergrenade.amxx")
L 10/20/2015 - 23:05:13: Start of error session.
L 10/20/2015 - 23:05:13: Info (map "de_inferno") (file "addons/amxmodx/logs/error_20151020.log")
L 10/20/2015 - 23:05:13: [AMXX] Plugin file open error (plugin "zl_clustergrenade.amxx")
L 10/20/2015 - 23:43:34: Start of error session.
L 10/20/2015 - 23:43:34: Info (map "aim_map") (file "addons/amxmodx/logs/error_20151020.log")
L 10/20/2015 - 23:43:34: [AMXX] Plugin file open error (plugin "zl_clustergrenade.amxx")
