L 03/31/2015 - 08:28:02: Log file started (file "logs\L0331007.log") (game "cstrike") (version "48/1.1.2.7/6153")
L 03/31/2015 - 08:28:02: [META] Metamod v1.21-am  2013-03-15
L 03/31/2015 - 08:28:02: [META] by Will Day <willday@metamod.org>
L 03/31/2015 - 08:28:02: [META]    http://www.metamod.org/
L 03/31/2015 - 08:28:02: [META] compiled: Mar 15 2013, 15:20:21  (msc optimized)
L 03/31/2015 - 08:28:02: [META] engine: swds
L 03/31/2015 - 08:28:02: [META] Recognized game 'cstrike'; using dllfile 'mp.dll'
L 03/31/2015 - 08:28:02: [META] Game DLL for 'Counter-Strike' loaded successfully
L 03/31/2015 - 08:28:02: [META] ini: Begin reading plugins list: c:/hlds/cstrike/addons/metamod/plugins.ini
L 03/31/2015 - 08:28:02: [META] ini: Read plugin config for: <amxmodx_mm.dll>
L 03/31/2015 - 08:28:02: [META] ini: Read plugin config for: <dproto.dll>
L 03/31/2015 - 08:28:02: [META] ini: Finished reading plugins list: c:/hlds/cstrike/addons/metamod/plugins.ini; Found 2 plugins to load
L 03/31/2015 - 08:28:02: [META] dll: Loading plugins...
L 03/31/2015 - 08:28:02: [META] dll: Loaded plugin 'Fun': Fun v1.8.2 Feb 14 2013, AMX Mod X Dev Team
L 03/31/2015 - 08:28:02: [META] dll: Loaded plugin 'Engine': Engine v1.8.2 Feb 14 2013, AMX Mod X Dev Team
L 03/31/2015 - 08:28:02: [META] dll: Loaded plugin 'FakeMeta': FakeMeta v1.8.2 Feb 14 2013, AMX Mod X Dev Team
L 03/31/2015 - 08:28:02: [META] dll: Loaded plugin 'CStrike': CStrike v1.8.2 Feb 14 2013, AMX Mod X Dev Team
L 03/31/2015 - 08:28:02: [META] dll: Loaded plugin 'CSX': CSX v1.8.2 Feb 14 2013, AMX Mod X Dev Team
L 03/31/2015 - 08:28:02: [META] ERROR: Failed to find memloc for regcmd 'ham'
L 03/31/2015 - 08:28:02: [META] dll: Loaded plugin 'Ham Sandwich': Ham Sandwich v1.8.2 Feb 14 2013, AMX Mod X Dev Team
L 03/31/2015 - 08:28:02: [META] dll: Loaded plugin 'AMX Mod X': AMX Mod X v1.8.2 Feb 14 2013, AMX Mod X Dev Team
L 03/31/2015 - 08:28:02: [DPROTO]: Version 0.4.8 Windows
L 03/31/2015 - 08:28:02: [DPROTO]:  Loading config './dproto.cfg'
L 03/31/2015 - 08:28:02: [DPROTO]:  LoggingMode = 2
L 03/31/2015 - 08:28:02: [DPROTO]: AuthID for HLTV: HLTV
L 03/31/2015 - 08:28:02: [DPROTO]: AuthID for No-steam p47 clients: STEAM_ID_LAN
L 03/31/2015 - 08:28:02: [DPROTO]: AuthID for No-steam p48 clients: VALVE_ID_LAN
L 03/31/2015 - 08:28:02: [DPROTO]: AuthID for steam clients: Real STEAM_x:x:x
L 03/31/2015 - 08:28:02: [DPROTO]: AuthID for steam unauthorized clients: STEAM_ID_PENDING
L 03/31/2015 - 08:28:02: [DPROTO]: AuthID for RevEmu clients: Real STEAM_x:x:x
L 03/31/2015 - 08:28:02: [DPROTO]: AuthID for Old RevEmu clients: Real STEAM_x:x:x
L 03/31/2015 - 08:28:02: [DPROTO]: AuthID for SteamEmu clients: Real STEAM_x:x:x
L 03/31/2015 - 08:28:02: [DPROTO]: AuthID for SETTI server scanner: STEAM id generated by ip
L 03/31/2015 - 08:28:02: [DPROTO]: p47 Emus SteamEmuCompatMode : ON
L 03/31/2015 - 08:28:02: [DPROTO]: Disable fix for steamids generated by eST in 0.3.1 version: No
L 03/31/2015 - 08:28:02: [DPROTO]:  First prefix of authids genrated by ip: 0
L 03/31/2015 - 08:28:02: [DPROTO]:  Second prefix of authids genrated by ip: 4
L 03/31/2015 - 08:28:02: [DPROTO]:  Disable Native Auth (Steam/Valve): OFF
L 03/31/2015 - 08:28:02: [DPROTO]:  ServerInfo answer type: Hybrid
L 03/31/2015 - 08:28:02: [DPROTO]:  Enable master-client emulation on primary port: OFF
L 03/31/2015 - 08:28:02: [DPROTO]: This version of game will be used by master-client to send to master-servers: '1.1.2.6/Stdio'
L 03/31/2015 - 08:28:02: [DPROTO]:  Enable secondary redirect-server: OFF
L 03/31/2015 - 08:28:02: [DPROTO]:  Secondary server port: 28015
L 03/31/2015 - 08:28:02: [DPROTO]:  Enable master client on secondary server: OFF
L 03/31/2015 - 08:28:02: [DPROTO]:  Secondary server ServerInfo answer type: New Style (Source)
L 03/31/2015 - 08:28:02: [DPROTO]:  Secondary server will execute this in connecting clients: 'connect 169.254.141.3:27015'
L 03/31/2015 - 08:28:02: [DPROTO]:  Secondary server ip: 0.0.0.0
L 03/31/2015 - 08:28:02: [DPROTO]: Setting game name to: (Native game name)
L 03/31/2015 - 08:28:02: [DPROTO]:  Enable Fix for player ids on hlstats monitoring: OFF
L 03/31/2015 - 08:28:02: [DPROTO]: dp_version cvar will be exported: Yes
L 03/31/2015 - 08:28:02: [DPROTO]:  Config sucessfully loaded.
L 03/31/2015 - 08:28:02: [DPROTO]: Server port: 27015
L 03/31/2015 - 08:28:02: [DPROTO]: Found swds.dll at 02870000
L 03/31/2015 - 08:28:02: [DPROTO]: Sorry, this engine does not supported
L 03/31/2015 - 08:28:02: [META] ERROR: dll: Failed attach plugin 'dproto': Error from Meta_Attach(): 0
L 03/31/2015 - 08:28:02: [META] ERROR: dll: Failed to attach plugin 'dproto'
L 03/31/2015 - 08:28:02: [META] ERROR: dll: Failed to load plugin 'dproto.dll'
L 03/31/2015 - 08:28:03: [META] ERROR: dll: Not loading plugin 'Fun'; already loaded (status=running)
L 03/31/2015 - 08:28:03: [META] ERROR: dll: Failed to load plugin 'fun_amxx.dll'
L 03/31/2015 - 08:28:03: [META] ERROR: dll: Not loading plugin 'Engine'; already loaded (status=running)
L 03/31/2015 - 08:28:03: [META] ERROR: dll: Failed to load plugin 'engine_amxx.dll'
L 03/31/2015 - 08:28:03: [META] ERROR: dll: Not loading plugin 'FakeMeta'; already loaded (status=running)
L 03/31/2015 - 08:28:03: [META] ERROR: dll: Failed to load plugin 'fakemeta_amxx.dll'
L 03/31/2015 - 08:28:03: [META] ERROR: dll: Not loading plugin 'CStrike'; already loaded (status=running)
L 03/31/2015 - 08:28:03: [META] ERROR: dll: Failed to load plugin 'cstrike_amxx.dll'
L 03/31/2015 - 08:28:03: [META] ERROR: dll: Not loading plugin 'CSX'; already loaded (status=running)
L 03/31/2015 - 08:28:03: [META] ERROR: dll: Failed to load plugin 'csx_amxx.dll'
L 03/31/2015 - 08:28:03: [META] ERROR: dll: Not loading plugin 'Ham Sandwich'; already loaded (status=running)
L 03/31/2015 - 08:28:03: [META] ERROR: dll: Failed to load plugin 'hamsandwich_amxx.dll'
L 03/31/2015 - 08:28:03: [META] dll: Finished loading 1 plugins
L 03/31/2015 - 08:28:03: Log file closed
