L 03/31/2015 - 09:37:29: Log file started (file "logs\L0331014.log") (game "cstrike") (version "48/1.1.2.7/6153")
L 03/31/2015 - 09:37:29: Loading map "de_dust2"
L 03/31/2015 - 09:37:29: Server cvars start
L 03/31/2015 - 09:37:29: Server cvar "_tutor_bomb_viewable_check_interval" = "0.5"
L 03/31/2015 - 09:37:29: Server cvar "_tutor_debug_level" = "0"
L 03/31/2015 - 09:37:29: Server cvar "_tutor_examine_time" = "0.5"
L 03/31/2015 - 09:37:29: Server cvar "_tutor_hint_interval_time" = "10.0"
L 03/31/2015 - 09:37:29: Server cvar "_tutor_look_angle" = "10"
L 03/31/2015 - 09:37:29: Server cvar "_tutor_look_distance" = "200"
L 03/31/2015 - 09:37:29: Server cvar "_tutor_message_character_display_time_coefficient" = "0.07"
L 03/31/2015 - 09:37:29: Server cvar "_tutor_message_minimum_display_time" = "1"
L 03/31/2015 - 09:37:29: Server cvar "_tutor_message_repeats" = "5"
L 03/31/2015 - 09:37:29: Server cvar "_tutor_view_distance" = "1000"
L 03/31/2015 - 09:37:29: Server cvar "allow_spectators" = "1.0"
L 03/31/2015 - 09:37:29: Server cvar "amx_client_languages" = ""
L 03/31/2015 - 09:37:29: Server cvar "amxmodx_version" = ""
L 03/31/2015 - 09:37:29: Server cvar "coop" = "0"
L 03/31/2015 - 09:37:29: Server cvar "deathmatch" = "1"
L 03/31/2015 - 09:37:29: Server cvar "decalfrequency" = "30"
L 03/31/2015 - 09:37:29: Server cvar "edgefriction" = "2"
L 03/31/2015 - 09:37:29: Server cvar "hostage_debug" = "0"
L 03/31/2015 - 09:37:29: Server cvar "hostage_stop" = "0"
L 03/31/2015 - 09:37:29: Server cvar "humans_join_team" = "any"
L 03/31/2015 - 09:37:29: Server cvar "max_queries_sec" = "3.0"
L 03/31/2015 - 09:37:29: Server cvar "max_queries_sec_global" = "30"
L 03/31/2015 - 09:37:29: Server cvar "max_queries_window" = "60"
L 03/31/2015 - 09:37:29: Server cvar "metamod_version" = "1.21-am"
L 03/31/2015 - 09:37:29: Server cvar "mp_allowmonsters" = "0"
L 03/31/2015 - 09:37:29: Server cvar "mp_autokick" = "1"
L 03/31/2015 - 09:37:29: Server cvar "mp_autokick_timeout" = "-1"
L 03/31/2015 - 09:37:29: Server cvar "mp_autoteambalance" = "1"
L 03/31/2015 - 09:37:29: Server cvar "mp_buytime" = "1.5"
L 03/31/2015 - 09:37:29: Server cvar "mp_c4timer" = "45"
L 03/31/2015 - 09:37:29: Server cvar "mp_chattime" = "10"
L 03/31/2015 - 09:37:29: Server cvar "mp_consistency" = "1"
L 03/31/2015 - 09:37:29: Server cvar "mp_fadetoblack" = "0"
L 03/31/2015 - 09:37:29: Server cvar "mp_flashlight" = "0"
L 03/31/2015 - 09:37:29: Server cvar "mp_footsteps" = "1"
L 03/31/2015 - 09:37:29: Server cvar "mp_forcecamera" = "0"
L 03/31/2015 - 09:37:29: Server cvar "mp_forcechasecam" = "0"
L 03/31/2015 - 09:37:29: Server cvar "mp_fragsleft" = "0"
L 03/31/2015 - 09:37:29: Server cvar "mp_freezetime" = "6"
L 03/31/2015 - 09:37:29: Server cvar "mp_friendlyfire" = "0"
L 03/31/2015 - 09:37:29: Server cvar "mp_ghostfrequency" = "0.1"
L 03/31/2015 - 09:37:29: Server cvar "mp_hostagepenalty" = "13"
L 03/31/2015 - 09:37:29: Server cvar "mp_kickpercent" = "0.66"
L 03/31/2015 - 09:37:29: Server cvar "mp_limitteams" = "2"
L 03/31/2015 - 09:37:29: Server cvar "mp_logdetail" = "0"
L 03/31/2015 - 09:37:29: Server cvar "mp_logfile" = "1"
L 03/31/2015 - 09:37:29: Server cvar "mp_logmessages" = "1"
L 03/31/2015 - 09:37:29: Server cvar "mp_mapvoteratio" = "0.66"
L 03/31/2015 - 09:37:29: Server cvar "mp_maxrounds" = "0"
L 03/31/2015 - 09:37:29: Server cvar "mp_mirrordamage" = "0"
L 03/31/2015 - 09:37:29: Server cvar "mp_playerid" = "0"
L 03/31/2015 - 09:37:29: Server cvar "mp_roundtime" = "5"
L 03/31/2015 - 09:37:29: Server cvar "mp_startmoney" = "800"
L 03/31/2015 - 09:37:29: Server cvar "mp_timeleft" = "0"
L 03/31/2015 - 09:37:29: Server cvar "mp_timelimit" = "0"
L 03/31/2015 - 09:37:29: Server cvar "mp_tkpunish" = "0"
L 03/31/2015 - 09:37:29: Server cvar "mp_windifference" = "1"
L 03/31/2015 - 09:37:29: Server cvar "mp_winlimit" = "0"
L 03/31/2015 - 09:37:29: Server cvar "pausable" = "1"
L 03/31/2015 - 09:37:29: Server cvar "sv_accelerate" = "10"
L 03/31/2015 - 09:37:29: Server cvar "sv_aim" = "1"
L 03/31/2015 - 09:37:29: Server cvar "sv_airaccelerate" = "10"
L 03/31/2015 - 09:37:29: Server cvar "sv_allowupload" = "1"
L 03/31/2015 - 09:37:29: Server cvar "sv_bounce" = "1"
L 03/31/2015 - 09:37:29: Server cvar "sv_cheats" = "0"
L 03/31/2015 - 09:37:29: Server cvar "sv_clienttrace" = "1"
L 03/31/2015 - 09:37:29: Server cvar "sv_contact" = ""
L 03/31/2015 - 09:37:29: Server cvar "sv_friction" = "4"
L 03/31/2015 - 09:37:29: Server cvar "sv_gravity" = "800"
L 03/31/2015 - 09:37:29: Server cvar "sv_logblocks" = "0"
L 03/31/2015 - 09:37:29: Server cvar "sv_maxrate" = "0"
L 03/31/2015 - 09:37:29: Server cvar "sv_maxspeed" = "320"
L 03/31/2015 - 09:37:29: Server cvar "sv_minrate" = "0"
L 03/31/2015 - 09:37:29: Server cvar "sv_password" = ""
L 03/31/2015 - 09:37:29: Server cvar "sv_proxies" = "1"
L 03/31/2015 - 09:37:29: Server cvar "sv_restart" = "0"
L 03/31/2015 - 09:37:29: Server cvar "sv_restartround" = "0"
L 03/31/2015 - 09:37:29: Server cvar "sv_stepsize" = "18"
L 03/31/2015 - 09:37:29: Server cvar "sv_stopspeed" = "100"
L 03/31/2015 - 09:37:29: Server cvar "sv_uploadmax" = "0.5"
L 03/31/2015 - 09:37:29: Server cvar "sv_voiceenable" = "1"
L 03/31/2015 - 09:37:29: Server cvar "sv_wateraccelerate" = "10"
L 03/31/2015 - 09:37:29: Server cvar "sv_waterfriction" = "1"
L 03/31/2015 - 09:37:29: Server cvars end
L 03/31/2015 - 09:37:29: Server cvar "amxmodx_version" = "1.8.2"
L 03/31/2015 - 09:37:30: Server cvar "sv_maxspeed" = "900"
L 03/31/2015 - 09:37:30: Server cvar "pausable" = "0"
L 03/31/2015 - 09:37:30: Server cvar "amx_language" = "en"
L 03/31/2015 - 09:37:30: Server cvar "amx_client_languages" = "1"
L 03/31/2015 - 09:37:30: Server cvar "amx_nextmap" = "de_airstrip"
L 03/31/2015 - 09:37:30: Server cvar "ucp_mode" = "1"
L 03/31/2015 - 09:37:30: Server cvar "ucp_version" = "8.4"
L 03/31/2015 - 09:37:30: Server cvar "noucp_mode" = "0"
L 03/31/2015 - 09:37:30: Server cvar "sv_accelerate" = "5"
L 03/31/2015 - 09:37:30: Server cvar "sv_stopspeed" = "75"
L 03/31/2015 - 09:37:30: Started map "de_dust2" (CRC "1159425449")
L 03/31/2015 - 09:37:30: Server cvar "sv_aim" = "0"
L 03/31/2015 - 09:37:30: Server cvar "sv_maxspeed" = "320"
L 03/31/2015 - 09:37:30: Server cvar "mp_timelimit" = "20"
L 03/31/2015 - 09:37:38: World triggered "Round_Start"
L 03/31/2015 - 09:42:37: Team "CT" triggered "Target_Saved" (CT "1") (T "0")
L 03/31/2015 - 09:42:37: World triggered "Round_End"
L 03/31/2015 - 09:42:48: World triggered "Round_Start"
L 03/31/2015 - 09:47:48: Team "CT" triggered "Target_Saved" (CT "2") (T "0")
L 03/31/2015 - 09:47:48: World triggered "Round_End"
L 03/31/2015 - 09:47:59: World triggered "Round_Start"
L 03/31/2015 - 09:52:49: Team "CT" triggered "Target_Saved" (CT "3") (T "0")
L 03/31/2015 - 09:52:49: World triggered "Round_End"
L 03/31/2015 - 09:52:59: World triggered "Round_Start"
L 03/31/2015 - 09:57:03: Team "CT" scored "3" with "0" players
L 03/31/2015 - 09:57:03: Team "TERRORIST" scored "0" with "0" players
L 03/31/2015 - 09:57:03: Server cvar "mp_chattime" = "12"
L 03/31/2015 - 09:57:12: Server cvar "mp_chattime" = "10"
L 03/31/2015 - 09:57:14: [META] ini: Begin re-reading plugins list: c:/hlds/cstrike/addons/metamod/plugins.ini
L 03/31/2015 - 09:57:14: [META] ini: Read plugin config for: AMX Mod X
L 03/31/2015 - 09:57:14: [META] ini: Read plugin config for: dproto_EF
L 03/31/2015 - 09:57:14: [META] ini: Finished reading plugins list: c:/hlds/cstrike/addons/metamod/plugins.ini; Found 2 plugins
L 03/31/2015 - 09:57:14: [META] dll: Updating plugins...
L 03/31/2015 - 09:57:14: [META] dll: Finished updating 8 plugins; kept 1, loaded 0, unloaded 0, reloaded 0, delayed 0
L 03/31/2015 - 09:57:14: Log file closed
